# JRE version: OpenJDK Runtime Environment Temurin-17.0.12+7 (17.0.12+7) (build 17.0.12+7)
# Java VM: OpenJDK 64-Bit Server VM Temurin-17.0.12+7 (17.0.12+7, mixed mode, tiered, compressed oops, compressed class ptrs, parallel gc, windows-amd64)
GC Precious Log:
 CPUs: 12 total, 12 available
 Memory: 14188M
 Large Page Support: Disabled
 NUMA Support: Disabled
 Compressed Oops: Enabled (32-bit)
 Alignments: Space 512K, Generation 512K, Heap 2M
 Heap Min Capacity: 100M
 Heap Initial Capacity: 100M
 Heap Max Capacity: 1G
 Pre-touch: Disabled
 Parallel Workers: 10
Heap:
 PSYoungGen      total 20480K, used 1521K [0x00000000eab00000, 0x00000000ec880000, 0x0000000100000000)
  eden space 19968K, 6% used [0x00000000eab00000,0x00000000eac3c718,0x00000000ebe80000)
  from space 512K, 50% used [0x00000000ec780000,0x00000000ec7c0000,0x00000000ec800000)
  to   space 512K, 0% used [0x00000000ec800000,0x00000000ec800000,0x00000000ec880000)
 ParOldGen       total 68608K, used 44734K [0x00000000c0000000, 0x00000000c4300000, 0x00000000eab00000)
  object space 68608K, 65% used [0x00000000c0000000,0x00000000c2baf8c0,0x00000000c4300000)
 Metaspace       used 67153K, committed 68224K, reserved 1114112K
  class space    used 7860K, committed 8320K, reserved 1048576K
GC Heap History (20 events):
Event: 126.014 GC heap before
{Heap before GC invocations=44 (full 3):
 PSYoungGen      total 20480K, used 20128K [0x00000000eab00000, 0x00000000ec880000, 0x0000000100000000)
  eden space 19968K, 100% used [0x00000000eab00000,0x00000000ebe80000,0x00000000ebe80000)
  from space 512K, 31% used [0x00000000ec800000,0x00000000ec828000,0x00000000ec880000)
  to   space 512K, 0% used [0x00000000ec780000,0x00000000ec780000,0x00000000ec800000)
 ParOldGen       total 68608K, used 44442K [0x00000000c0000000, 0x00000000c4300000, 0x00000000eab00000)
  object space 68608K, 64% used [0x00000000c0000000,0x00000000c2b668b0,0x00000000c4300000)
 Metaspace       used 67070K, committed 68096K, reserved 1114112K
  class space    used 7849K, committed 8320K, reserved 1048576K
}
Event: 126.016 GC heap after
{Heap after GC invocations=44 (full 3):
 PSYoungGen      total 20480K, used 224K [0x00000000eab00000, 0x00000000ec880000, 0x0000000100000000)
  eden space 19968K, 0% used [0x00000000eab00000,0x00000000eab00000,0x00000000ebe80000)
  from space 512K, 43% used [0x00000000ec780000,0x00000000ec7b8000,0x00000000ec800000)
  to   space 512K, 0% used [0x00000000ec800000,0x00000000ec800000,0x00000000ec880000)
 ParOldGen       total 68608K, used 44466K [0x00000000c0000000, 0x00000000c4300000, 0x00000000eab00000)
  object space 68608K, 64% used [0x00000000c0000000,0x00000000c2b6c8b0,0x00000000c4300000)
 Metaspace       used 67070K, committed 68096K, reserved 1114112K
  class space    used 7849K, committed 8320K, reserved 1048576K
}
Event: 128.058 GC heap before
{Heap before GC invocations=45 (full 3):
 PSYoungGen      total 20480K, used 20192K [0x00000000eab00000, 0x00000000ec880000, 0x0000000100000000)
  eden space 19968K, 100% used [0x00000000eab00000,0x00000000ebe80000,0x00000000ebe80000)
  from space 512K, 43% used [0x00000000ec780000,0x00000000ec7b8000,0x00000000ec800000)
  to   space 512K, 0% used [0x00000000ec800000,0x00000000ec800000,0x00000000ec880000)
 ParOldGen       total 68608K, used 44466K [0x00000000c0000000, 0x00000000c4300000, 0x00000000eab00000)
  object space 68608K, 64% used [0x00000000c0000000,0x00000000c2b6c8b0,0x00000000c4300000)
 Metaspace       used 67074K, committed 68096K, reserved 1114112K
  class space    used 7849K, committed 8320K, reserved 1048576K
}
Event: 128.059 GC heap after
{Heap after GC invocations=45 (full 3):
 PSYoungGen      total 20480K, used 192K [0x00000000eab00000, 0x00000000ec880000, 0x0000000100000000)
  eden space 19968K, 0% used [0x00000000eab00000,0x00000000eab00000,0x00000000ebe80000)
  from space 512K, 37% used [0x00000000ec800000,0x00000000ec830000,0x00000000ec880000)
  to   space 512K, 0% used [0x00000000ec780000,0x00000000ec780000,0x00000000ec800000)
 ParOldGen       total 68608K, used 44506K [0x00000000c0000000, 0x00000000c4300000, 0x00000000eab00000)
  object space 68608K, 64% used [0x00000000c0000000,0x00000000c2b768b0,0x00000000c4300000)
 Metaspace       used 67074K, committed 68096K, reserved 1114112K
  class space    used 7849K, committed 8320K, reserved 1048576K
}
Event: 128.359 GC heap before
{Heap before GC invocations=46 (full 3):
 PSYoungGen      total 20480K, used 20160K [0x00000000eab00000, 0x00000000ec880000, 0x0000000100000000)
  eden space 19968K, 100% used [0x00000000eab00000,0x00000000ebe80000,0x00000000ebe80000)
  from space 512K, 37% used [0x00000000ec800000,0x00000000ec830000,0x00000000ec880000)
  to   space 512K, 0% used [0x00000000ec780000,0x00000000ec780000,0x00000000ec800000)
 ParOldGen       total 68608K, used 44506K [0x00000000c0000000, 0x00000000c4300000, 0x00000000eab00000)
  object space 68608K, 64% used [0x00000000c0000000,0x00000000c2b768b0,0x00000000c4300000)
 Metaspace       used 67074K, committed 68096K, reserved 1114112K
  class space    used 7849K, committed 8320K, reserved 1048576K
}
Event: 128.367 GC heap after
{Heap after GC invocations=46 (full 3):
 PSYoungGen      total 20480K, used 128K [0x00000000eab00000, 0x00000000ec880000, 0x0000000100000000)
  eden space 19968K, 0% used [0x00000000eab00000,0x00000000eab00000,0x00000000ebe80000)
  from space 512K, 25% used [0x00000000ec780000,0x00000000ec7a0000,0x00000000ec800000)
  to   space 512K, 0% used [0x00000000ec800000,0x00000000ec800000,0x00000000ec880000)
 ParOldGen       total 68608K, used 44542K [0x00000000c0000000, 0x00000000c4300000, 0x00000000eab00000)
  object space 68608K, 64% used [0x00000000c0000000,0x00000000c2b7f8c0,0x00000000c4300000)
 Metaspace       used 67074K, committed 68096K, reserved 1114112K
  class space    used 7849K, committed 8320K, reserved 1048576K
}
Event: 128.640 GC heap before
{Heap before GC invocations=47 (full 3):
 PSYoungGen      total 20480K, used 20096K [0x00000000eab00000, 0x00000000ec880000, 0x0000000100000000)
  eden space 19968K, 100% used [0x00000000eab00000,0x00000000ebe80000,0x00000000ebe80000)
  from space 512K, 25% used [0x00000000ec780000,0x00000000ec7a0000,0x00000000ec800000)
  to   space 512K, 0% used [0x00000000ec800000,0x00000000ec800000,0x00000000ec880000)
 ParOldGen       total 68608K, used 44542K [0x00000000c0000000, 0x00000000c4300000, 0x00000000eab00000)
  object space 68608K, 64% used [0x00000000c0000000,0x00000000c2b7f8c0,0x00000000c4300000)
 Metaspace       used 67075K, committed 68096K, reserved 1114112K
  class space    used 7849K, committed 8320K, reserved 1048576K
}
Event: 128.641 GC heap after
{Heap after GC invocations=47 (full 3):
 PSYoungGen      total 20480K, used 224K [0x00000000eab00000, 0x00000000ec880000, 0x0000000100000000)
  eden space 19968K, 0% used [0x00000000eab00000,0x00000000eab00000,0x00000000ebe80000)
  from space 512K, 43% used [0x00000000ec800000,0x00000000ec838000,0x00000000ec880000)
  to   space 512K, 0% used [0x00000000ec780000,0x00000000ec780000,0x00000000ec800000)
 ParOldGen       total 68608K, used 44542K [0x00000000c0000000, 0x00000000c4300000, 0x00000000eab00000)
  object space 68608K, 64% used [0x00000000c0000000,0x00000000c2b7f8c0,0x00000000c4300000)
 Metaspace       used 67075K, committed 68096K, reserved 1114112K
  class space    used 7849K, committed 8320K, reserved 1048576K
}
Event: 128.767 GC heap before
{Heap before GC invocations=48 (full 3):
 PSYoungGen      total 20480K, used 20192K [0x00000000eab00000, 0x00000000ec880000, 0x0000000100000000)
  eden space 19968K, 100% used [0x00000000eab00000,0x00000000ebe80000,0x00000000ebe80000)
  from space 512K, 43% used [0x00000000ec800000,0x00000000ec838000,0x00000000ec880000)
  to   space 512K, 0% used [0x00000000ec780000,0x00000000ec780000,0x00000000ec800000)
 ParOldGen       total 68608K, used 44542K [0x00000000c0000000, 0x00000000c4300000, 0x00000000eab00000)
  object space 68608K, 64% used [0x00000000c0000000,0x00000000c2b7f8c0,0x00000000c4300000)
 Metaspace       used 67075K, committed 68096K, reserved 1114112K
  class space    used 7849K, committed 8320K, reserved 1048576K
}
Event: 128.767 GC heap after
{Heap after GC invocations=48 (full 3):
 PSYoungGen      total 20480K, used 160K [0x00000000eab00000, 0x00000000ec880000, 0x0000000100000000)
  eden space 19968K, 0% used [0x00000000eab00000,0x00000000eab00000,0x00000000ebe80000)
  from space 512K, 31% used [0x00000000ec780000,0x00000000ec7a8000,0x00000000ec800000)
  to   space 512K, 0% used [0x00000000ec800000,0x00000000ec800000,0x00000000ec880000)
 ParOldGen       total 68608K, used 44590K [0x00000000c0000000, 0x00000000c4300000, 0x00000000eab00000)
  object space 68608K, 64% used [0x00000000c0000000,0x00000000c2b8b8c0,0x00000000c4300000)
 Metaspace       used 67075K, committed 68096K, reserved 1114112K
  class space    used 7849K, committed 8320K, reserved 1048576K
}
Event: 129.356 GC heap before
{Heap before GC invocations=49 (full 3):
 PSYoungGen      total 20480K, used 20128K [0x00000000eab00000, 0x00000000ec880000, 0x0000000100000000)
  eden space 19968K, 100% used [0x00000000eab00000,0x00000000ebe80000,0x00000000ebe80000)
  from space 512K, 31% used [0x00000000ec780000,0x00000000ec7a8000,0x00000000ec800000)
  to   space 512K, 0% used [0x00000000ec800000,0x00000000ec800000,0x00000000ec880000)
 ParOldGen       total 68608K, used 44590K [0x00000000c0000000, 0x00000000c4300000, 0x00000000eab00000)
  object space 68608K, 64% used [0x00000000c0000000,0x00000000c2b8b8c0,0x00000000c4300000)
 Metaspace       used 67080K, committed 68096K, reserved 1114112K
  class space    used 7850K, committed 8320K, reserved 1048576K
}
Event: 129.357 GC heap after
{Heap after GC invocations=49 (full 3):
 PSYoungGen      total 20480K, used 160K [0x00000000eab00000, 0x00000000ec880000, 0x0000000100000000)
  eden space 19968K, 0% used [0x00000000eab00000,0x00000000eab00000,0x00000000ebe80000)
  from space 512K, 31% used [0x00000000ec800000,0x00000000ec828000,0x00000000ec880000)
  to   space 512K, 0% used [0x00000000ec780000,0x00000000ec780000,0x00000000ec800000)
 ParOldGen       total 68608K, used 44590K [0x00000000c0000000, 0x00000000c4300000, 0x00000000eab00000)
  object space 68608K, 64% used [0x00000000c0000000,0x00000000c2b8b8c0,0x00000000c4300000)
 Metaspace       used 67080K, committed 68096K, reserved 1114112K
  class space    used 7850K, committed 8320K, reserved 1048576K
}
Event: 131.740 GC heap before
{Heap before GC invocations=50 (full 3):
 PSYoungGen      total 20480K, used 20128K [0x00000000eab00000, 0x00000000ec880000, 0x0000000100000000)
  eden space 19968K, 100% used [0x00000000eab00000,0x00000000ebe80000,0x00000000ebe80000)
  from space 512K, 31% used [0x00000000ec800000,0x00000000ec828000,0x00000000ec880000)
  to   space 512K, 0% used [0x00000000ec780000,0x00000000ec780000,0x00000000ec800000)
 ParOldGen       total 68608K, used 44590K [0x00000000c0000000, 0x00000000c4300000, 0x00000000eab00000)
  object space 68608K, 64% used [0x00000000c0000000,0x00000000c2b8b8c0,0x00000000c4300000)
 Metaspace       used 67088K, committed 68160K, reserved 1114112K
  class space    used 7850K, committed 8320K, reserved 1048576K
}
Event: 131.741 GC heap after
{Heap after GC invocations=50 (full 3):
 PSYoungGen      total 20480K, used 160K [0x00000000eab00000, 0x00000000ec880000, 0x0000000100000000)
  eden space 19968K, 0% used [0x00000000eab00000,0x00000000eab00000,0x00000000ebe80000)
  from space 512K, 31% used [0x00000000ec780000,0x00000000ec7a8000,0x00000000ec800000)
  to   space 512K, 0% used [0x00000000ec800000,0x00000000ec800000,0x00000000ec880000)
 ParOldGen       total 68608K, used 44646K [0x00000000c0000000, 0x00000000c4300000, 0x00000000eab00000)
  object space 68608K, 65% used [0x00000000c0000000,0x00000000c2b998c0,0x00000000c4300000)
 Metaspace       used 67088K, committed 68160K, reserved 1114112K
  class space    used 7850K, committed 8320K, reserved 1048576K
}
Event: 133.248 GC heap before
{Heap before GC invocations=51 (full 3):
 PSYoungGen      total 20480K, used 20128K [0x00000000eab00000, 0x00000000ec880000, 0x0000000100000000)
  eden space 19968K, 100% used [0x00000000eab00000,0x00000000ebe80000,0x00000000ebe80000)
  from space 512K, 31% used [0x00000000ec780000,0x00000000ec7a8000,0x00000000ec800000)
  to   space 512K, 0% used [0x00000000ec800000,0x00000000ec800000,0x00000000ec880000)
 ParOldGen       total 68608K, used 44646K [0x00000000c0000000, 0x00000000c4300000, 0x00000000eab00000)
  object space 68608K, 65% used [0x00000000c0000000,0x00000000c2b998c0,0x00000000c4300000)
 Metaspace       used 67090K, committed 68160K, reserved 1114112K
  class space    used 7850K, committed 8320K, reserved 1048576K
}
Event: 133.249 GC heap after
{Heap after GC invocations=51 (full 3):
 PSYoungGen      total 20480K, used 192K [0x00000000eab00000, 0x00000000ec880000, 0x0000000100000000)
  eden space 19968K, 0% used [0x00000000eab00000,0x00000000eab00000,0x00000000ebe80000)
  from space 512K, 37% used [0x00000000ec800000,0x00000000ec830000,0x00000000ec880000)
  to   space 512K, 0% used [0x00000000ec780000,0x00000000ec780000,0x00000000ec800000)
 ParOldGen       total 68608K, used 44678K [0x00000000c0000000, 0x00000000c4300000, 0x00000000eab00000)
  object space 68608K, 65% used [0x00000000c0000000,0x00000000c2ba18c0,0x00000000c4300000)
 Metaspace       used 67090K, committed 68160K, reserved 1114112K
  class space    used 7850K, committed 8320K, reserved 1048576K
}
Event: 133.493 GC heap before
{Heap before GC invocations=52 (full 3):
 PSYoungGen      total 20480K, used 20160K [0x00000000eab00000, 0x00000000ec880000, 0x0000000100000000)
  eden space 19968K, 100% used [0x00000000eab00000,0x00000000ebe80000,0x00000000ebe80000)
  from space 512K, 37% used [0x00000000ec800000,0x00000000ec830000,0x00000000ec880000)
  to   space 512K, 0% used [0x00000000ec780000,0x00000000ec780000,0x00000000ec800000)
 ParOldGen       total 68608K, used 44678K [0x00000000c0000000, 0x00000000c4300000, 0x00000000eab00000)
  object space 68608K, 65% used [0x00000000c0000000,0x00000000c2ba18c0,0x00000000c4300000)
 Metaspace       used 67090K, committed 68160K, reserved 1114112K
  class space    used 7850K, committed 8320K, reserved 1048576K
}
Event: 133.494 GC heap after
{Heap after GC invocations=52 (full 3):
 PSYoungGen      total 20480K, used 160K [0x00000000eab00000, 0x00000000ec880000, 0x0000000100000000)
  eden space 19968K, 0% used [0x00000000eab00000,0x00000000eab00000,0x00000000ebe80000)
  from space 512K, 31% used [0x00000000ec780000,0x00000000ec7a8000,0x00000000ec800000)
  to   space 512K, 0% used [0x00000000ec800000,0x00000000ec800000,0x00000000ec880000)
 ParOldGen       total 68608K, used 44710K [0x00000000c0000000, 0x00000000c4300000, 0x00000000eab00000)
  object space 68608K, 65% used [0x00000000c0000000,0x00000000c2ba98c0,0x00000000c4300000)
 Metaspace       used 67090K, committed 68160K, reserved 1114112K
  class space    used 7850K, committed 8320K, reserved 1048576K
}
Event: 135.480 GC heap before
{Heap before GC invocations=53 (full 3):
 PSYoungGen      total 20480K, used 20128K [0x00000000eab00000, 0x00000000ec880000, 0x0000000100000000)
  eden space 19968K, 100% used [0x00000000eab00000,0x00000000ebe80000,0x00000000ebe80000)
  from space 512K, 31% used [0x00000000ec780000,0x00000000ec7a8000,0x00000000ec800000)
  to   space 512K, 0% used [0x00000000ec800000,0x00000000ec800000,0x00000000ec880000)
 ParOldGen       total 68608K, used 44710K [0x00000000c0000000, 0x00000000c4300000, 0x00000000eab00000)
  object space 68608K, 65% used [0x00000000c0000000,0x00000000c2ba98c0,0x00000000c4300000)
 Metaspace       used 67096K, committed 68160K, reserved 1114112K
  class space    used 7850K, committed 8320K, reserved 1048576K
}
Event: 135.481 GC heap after
{Heap after GC invocations=53 (full 3):
 PSYoungGen      total 20480K, used 128K [0x00000000eab00000, 0x00000000ec880000, 0x0000000100000000)
  eden space 19968K, 0% used [0x00000000eab00000,0x00000000eab00000,0x00000000ebe80000)
  from space 512K, 25% used [0x00000000ec800000,0x00000000ec820000,0x00000000ec880000)
  to   space 512K, 0% used [0x00000000ec780000,0x00000000ec780000,0x00000000ec800000)
 ParOldGen       total 68608K, used 44710K [0x00000000c0000000, 0x00000000c4300000, 0x00000000eab00000)
  object space 68608K, 65% used [0x00000000c0000000,0x00000000c2ba98c0,0x00000000c4300000)
 Metaspace       used 67096K, committed 68160K, reserved 1114112K
  class space    used 7850K, committed 8320K, reserved 1048576K
}

