# JRE version: Java(TM) SE Runtime Environment (21.0.1+12) (build 21.0.1+12-LTS-29)
# Java VM: Java HotSpot(TM) 64-Bit Server VM (21.0.1+12-LTS-29, mixed mode, sharing, tiered, compressed oops, compressed class ptrs, g1 gc, windows-amd64)
GC Precious Log:
 CardTable entry size: 512
 Card Set container configuration: InlinePtr #cards 5 size 8 Array Of Cards #cards 12 size 40 Howl #buckets 4 coarsen threshold 1843 Howl Bitmap #cards 512 size 80 coarsen threshold 460 Card regions per heap region 1 cards per card region 2048
 CPUs: 12 total, 12 available
 Memory: 14188M
 Large Page Support: Disabled
 NUMA Support: Disabled
 Compressed Oops: Enabled (32-bit)
 Heap Region Size: 1M
 Heap Min Capacity: 8M
 Heap Initial Capacity: 222M
 Heap Max Capacity: 2G
 Pre-touch: Disabled
 Parallel Workers: 10
 Concurrent Workers: 3
 Concurrent Refinement Workers: 10
 Periodic GC: Disabled
Heap:
 garbage-first heap   total 275456K, used 184113K [0x0000000080000000, 0x0000000100000000)
  region size 1024K, 7 young (7168K), 4 survivors (4096K)
 Metaspace       used 113397K, committed 116160K, reserved 557056K
  class space    used 15947K, committed 17280K, reserved 425984K
GC Heap History (20 events):
Event: 73.310 GC heap before
{Heap before GC invocations=37 (full 0):
 garbage-first heap   total 194560K, used 172782K [0x0000000080000000, 0x0000000100000000)
  region size 1024K, 70 young (71680K), 7 survivors (7168K)
 Metaspace       used 102074K, committed 104384K, reserved 557056K
  class space    used 14460K, committed 15616K, reserved 425984K
}
Event: 73.320 GC heap after
{Heap after GC invocations=38 (full 0):
 garbage-first heap   total 194560K, used 112877K [0x0000000080000000, 0x0000000100000000)
  region size 1024K, 7 young (7168K), 7 survivors (7168K)
 Metaspace       used 102074K, committed 104384K, reserved 557056K
  class space    used 14460K, committed 15616K, reserved 425984K
}
Event: 75.203 GC heap before
{Heap before GC invocations=39 (full 0):
 garbage-first heap   total 194560K, used 175341K [0x0000000080000000, 0x0000000100000000)
  region size 1024K, 68 young (69632K), 7 survivors (7168K)
 Metaspace       used 102945K, committed 105280K, reserved 557056K
  class space    used 14525K, committed 15680K, reserved 425984K
}
Event: 75.220 GC heap after
{Heap after GC invocations=40 (full 0):
 garbage-first heap   total 194560K, used 121324K [0x0000000080000000, 0x0000000100000000)
  region size 1024K, 9 young (9216K), 9 survivors (9216K)
 Metaspace       used 102945K, committed 105280K, reserved 557056K
  class space    used 14525K, committed 15680K, reserved 425984K
}
Event: 77.618 GC heap before
{Heap before GC invocations=40 (full 0):
 garbage-first heap   total 194560K, used 176620K [0x0000000080000000, 0x0000000100000000)
  region size 1024K, 60 young (61440K), 9 survivors (9216K)
 Metaspace       used 104215K, committed 106624K, reserved 557056K
  class space    used 14751K, committed 15936K, reserved 425984K
}
Event: 77.623 GC heap after
{Heap after GC invocations=41 (full 0):
 garbage-first heap   total 194560K, used 129141K [0x0000000080000000, 0x0000000100000000)
  region size 1024K, 8 young (8192K), 8 survivors (8192K)
 Metaspace       used 104215K, committed 106624K, reserved 557056K
  class space    used 14751K, committed 15936K, reserved 425984K
}
Event: 78.811 GC heap before
{Heap before GC invocations=41 (full 0):
 garbage-first heap   total 194560K, used 175221K [0x0000000080000000, 0x0000000100000000)
  region size 1024K, 53 young (54272K), 8 survivors (8192K)
 Metaspace       used 106051K, committed 108608K, reserved 557056K
  class space    used 14957K, committed 16192K, reserved 425984K
}
Event: 78.821 GC heap after
{Heap after GC invocations=42 (full 0):
 garbage-first heap   total 194560K, used 137216K [0x0000000080000000, 0x0000000100000000)
  region size 1024K, 7 young (7168K), 7 survivors (7168K)
 Metaspace       used 106051K, committed 108608K, reserved 557056K
  class space    used 14957K, committed 16192K, reserved 425984K
}
Event: 80.028 GC heap before
{Heap before GC invocations=43 (full 0):
 garbage-first heap   total 239616K, used 174080K [0x0000000080000000, 0x0000000100000000)
  region size 1024K, 43 young (44032K), 7 survivors (7168K)
 Metaspace       used 107013K, committed 109632K, reserved 557056K
  class space    used 15080K, committed 16384K, reserved 425984K
}
Event: 80.037 GC heap after
{Heap after GC invocations=44 (full 0):
 garbage-first heap   total 239616K, used 143057K [0x0000000080000000, 0x0000000100000000)
  region size 1024K, 6 young (6144K), 6 survivors (6144K)
 Metaspace       used 107013K, committed 109632K, reserved 557056K
  class space    used 15080K, committed 16384K, reserved 425984K
}
Event: 81.945 GC heap before
{Heap before GC invocations=44 (full 0):
 garbage-first heap   total 239616K, used 209617K [0x0000000080000000, 0x0000000100000000)
  region size 1024K, 71 young (72704K), 6 survivors (6144K)
 Metaspace       used 107471K, committed 110208K, reserved 557056K
  class space    used 15127K, committed 16448K, reserved 425984K
}
Event: 81.958 GC heap after
{Heap after GC invocations=45 (full 0):
 garbage-first heap   total 239616K, used 152694K [0x0000000080000000, 0x0000000100000000)
  region size 1024K, 9 young (9216K), 9 survivors (9216K)
 Metaspace       used 107471K, committed 110208K, reserved 557056K
  class space    used 15127K, committed 16448K, reserved 425984K
}
Event: 83.998 GC heap before
{Heap before GC invocations=45 (full 0):
 garbage-first heap   total 239616K, used 194678K [0x0000000080000000, 0x0000000100000000)
  region size 1024K, 51 young (52224K), 9 survivors (9216K)
 Metaspace       used 107767K, committed 110464K, reserved 557056K
  class space    used 15154K, committed 16448K, reserved 425984K
}
Event: 84.005 GC heap after
{Heap after GC invocations=46 (full 0):
 garbage-first heap   total 239616K, used 157370K [0x0000000080000000, 0x0000000100000000)
  region size 1024K, 6 young (6144K), 6 survivors (6144K)
 Metaspace       used 107767K, committed 110464K, reserved 557056K
  class space    used 15154K, committed 16448K, reserved 425984K
}
Event: 86.672 GC heap before
{Heap before GC invocations=47 (full 0):
 garbage-first heap   total 275456K, used 217786K [0x0000000080000000, 0x0000000100000000)
  region size 1024K, 62 young (63488K), 6 survivors (6144K)
 Metaspace       used 108260K, committed 111040K, reserved 557056K
  class space    used 15216K, committed 16576K, reserved 425984K
}
Event: 86.681 GC heap after
{Heap after GC invocations=48 (full 0):
 garbage-first heap   total 275456K, used 171400K [0x0000000080000000, 0x0000000100000000)
  region size 1024K, 8 young (8192K), 8 survivors (8192K)
 Metaspace       used 108260K, committed 111040K, reserved 557056K
  class space    used 15216K, committed 16576K, reserved 425984K
}
Event: 88.926 GC heap before
{Heap before GC invocations=48 (full 0):
 garbage-first heap   total 275456K, used 238984K [0x0000000080000000, 0x0000000100000000)
  region size 1024K, 74 young (75776K), 8 survivors (8192K)
 Metaspace       used 110268K, committed 113088K, reserved 557056K
  class space    used 15479K, committed 16832K, reserved 425984K
}
Event: 88.941 GC heap after
{Heap after GC invocations=49 (full 0):
 garbage-first heap   total 275456K, used 178322K [0x0000000080000000, 0x0000000100000000)
  region size 1024K, 9 young (9216K), 9 survivors (9216K)
 Metaspace       used 110268K, committed 113088K, reserved 557056K
  class space    used 15479K, committed 16832K, reserved 425984K
}
Event: 89.794 GC heap before
{Heap before GC invocations=49 (full 0):
 garbage-first heap   total 275456K, used 243858K [0x0000000080000000, 0x0000000100000000)
  region size 1024K, 73 young (74752K), 9 survivors (9216K)
 Metaspace       used 113284K, committed 116096K, reserved 557056K
  class space    used 15932K, committed 17280K, reserved 425984K
}
Event: 89.805 GC heap after
{Heap after GC invocations=50 (full 0):
 garbage-first heap   total 275456K, used 182065K [0x0000000080000000, 0x0000000100000000)
  region size 1024K, 4 young (4096K), 4 survivors (4096K)
 Metaspace       used 113284K, committed 116096K, reserved 557056K
  class space    used 15932K, committed 17280K, reserved 425984K
}

