# JRE version: Java(TM) SE Runtime Environment (21.0.1+12) (build 21.0.1+12-LTS-29)
# Java VM: Java HotSpot(TM) 64-Bit Server VM (21.0.1+12-LTS-29, mixed mode, sharing, tiered, compressed oops, compressed class ptrs, g1 gc, windows-amd64)
GC Precious Log:
 CardTable entry size: 512
 Card Set container configuration: InlinePtr #cards 4 size 8 Array Of Cards #cards 16 size 48 Howl #buckets 8 coarsen threshold 3686 Howl Bitmap #cards 512 size 80 coarsen threshold 460 Card regions per heap region 1 cards per card region 4096
 CPUs: 12 total, 12 available
 Memory: 14188M
 Large Page Support: Disabled
 NUMA Support: Disabled
 Compressed Oops: Enabled (Zero based)
 Heap Region Size: 2M
 Heap Min Capacity: 8M
 Heap Initial Capacity: 222M
 Heap Max Capacity: 4G
 Pre-touch: Disabled
 Parallel Workers: 10
 Concurrent Workers: 3
 Concurrent Refinement Workers: 10
 Periodic GC: Disabled
Heap:
 garbage-first heap   total 665600K, used 573714K [0x0000000700000000, 0x0000000800000000)
  region size 2048K, 96 young (196608K), 11 survivors (22528K)
 Metaspace       used 122060K, committed 125376K, reserved 557056K
  class space    used 17038K, committed 18560K, reserved 425984K
GC Heap History (20 events):
Event: 36.034 GC heap before
{Heap before GC invocations=46 (full 0):
 garbage-first heap   total 362496K, used 301926K [0x0000000700000000, 0x0000000800000000)
  region size 2048K, 44 young (90112K), 4 survivors (8192K)
 Metaspace       used 106308K, committed 109312K, reserved 557056K
  class space    used 14977K, committed 16384K, reserved 425984K
}
Event: 36.049 GC heap after
{Heap after GC invocations=47 (full 0):
 garbage-first heap   total 362496K, used 238374K [0x0000000700000000, 0x0000000800000000)
  region size 2048K, 6 young (12288K), 6 survivors (12288K)
 Metaspace       used 106308K, committed 109312K, reserved 557056K
  class space    used 14977K, committed 16384K, reserved 425984K
}
Event: 36.896 GC heap before
{Heap before GC invocations=47 (full 0):
 garbage-first heap   total 362496K, used 310054K [0x0000000700000000, 0x0000000800000000)
  region size 2048K, 41 young (83968K), 6 survivors (12288K)
 Metaspace       used 107061K, committed 110080K, reserved 557056K
  class space    used 15083K, committed 16512K, reserved 425984K
}
Event: 36.912 GC heap after
{Heap after GC invocations=48 (full 0):
 garbage-first heap   total 436224K, used 255864K [0x0000000700000000, 0x0000000800000000)
  region size 2048K, 6 young (12288K), 6 survivors (12288K)
 Metaspace       used 107061K, committed 110080K, reserved 557056K
  class space    used 15083K, committed 16512K, reserved 425984K
}
Event: 38.689 GC heap before
{Heap before GC invocations=49 (full 0):
 garbage-first heap   total 454656K, used 358264K [0x0000000700000000, 0x0000000800000000)
  region size 2048K, 57 young (116736K), 6 survivors (12288K)
 Metaspace       used 107535K, committed 110656K, reserved 557056K
  class space    used 15141K, committed 16576K, reserved 425984K
}
Event: 38.708 GC heap after
{Heap after GC invocations=50 (full 0):
 garbage-first heap   total 454656K, used 277887K [0x0000000700000000, 0x0000000800000000)
  region size 2048K, 8 young (16384K), 8 survivors (16384K)
 Metaspace       used 107535K, committed 110656K, reserved 557056K
  class space    used 15141K, committed 16576K, reserved 425984K
}
Event: 42.004 GC heap before
{Heap before GC invocations=50 (full 0):
 garbage-first heap   total 454656K, used 380287K [0x0000000700000000, 0x0000000800000000)
  region size 2048K, 58 young (118784K), 8 survivors (16384K)
 Metaspace       used 111965K, committed 115136K, reserved 557056K
  class space    used 15794K, committed 17280K, reserved 425984K
}
Event: 42.019 GC heap after
{Heap after GC invocations=51 (full 0):
 garbage-first heap   total 454656K, used 289362K [0x0000000700000000, 0x0000000800000000)
  region size 2048K, 7 young (14336K), 7 survivors (14336K)
 Metaspace       used 111965K, committed 115136K, reserved 557056K
  class space    used 15794K, committed 17280K, reserved 425984K
}
Event: 42.960 GC heap before
{Heap before GC invocations=51 (full 0):
 garbage-first heap   total 454656K, used 389714K [0x0000000700000000, 0x0000000800000000)
  region size 2048K, 56 young (114688K), 7 survivors (14336K)
 Metaspace       used 113827K, committed 116992K, reserved 557056K
  class space    used 16040K, committed 17536K, reserved 425984K
}
Event: 42.974 GC heap after
{Heap after GC invocations=52 (full 0):
 garbage-first heap   total 454656K, used 304131K [0x0000000700000000, 0x0000000800000000)
  region size 2048K, 7 young (14336K), 7 survivors (14336K)
 Metaspace       used 113827K, committed 116992K, reserved 557056K
  class space    used 16040K, committed 17536K, reserved 425984K
}
Event: 44.836 GC heap before
{Heap before GC invocations=53 (full 0):
 garbage-first heap   total 540672K, used 398339K [0x0000000700000000, 0x0000000800000000)
  region size 2048K, 53 young (108544K), 7 survivors (14336K)
 Metaspace       used 114833K, committed 118080K, reserved 557056K
  class space    used 16180K, committed 17664K, reserved 425984K
}
Event: 44.855 GC heap after
{Heap after GC invocations=54 (full 0):
 garbage-first heap   total 540672K, used 325712K [0x0000000700000000, 0x0000000800000000)
  region size 2048K, 7 young (14336K), 7 survivors (14336K)
 Metaspace       used 114833K, committed 118080K, reserved 557056K
  class space    used 16180K, committed 17664K, reserved 425984K
}
Event: 47.280 GC heap before
{Heap before GC invocations=54 (full 0):
 garbage-first heap   total 540672K, used 460880K [0x0000000700000000, 0x0000000800000000)
  region size 2048K, 73 young (149504K), 7 survivors (14336K)
 Metaspace       used 118550K, committed 121920K, reserved 557056K
  class space    used 16725K, committed 18304K, reserved 425984K
}
Event: 47.308 GC heap after
{Heap after GC invocations=55 (full 0):
 garbage-first heap   total 540672K, used 344982K [0x0000000700000000, 0x0000000800000000)
  region size 2048K, 10 young (20480K), 10 survivors (20480K)
 Metaspace       used 118550K, committed 121920K, reserved 557056K
  class space    used 16725K, committed 18304K, reserved 425984K
}
Event: 50.026 GC heap before
{Heap before GC invocations=55 (full 0):
 garbage-first heap   total 540672K, used 463766K [0x0000000700000000, 0x0000000800000000)
  region size 2048K, 68 young (139264K), 10 survivors (20480K)
 Metaspace       used 120880K, committed 124224K, reserved 557056K
  class space    used 16967K, committed 18496K, reserved 425984K
}
Event: 50.064 GC heap after
{Heap after GC invocations=56 (full 0):
 garbage-first heap   total 540672K, used 378274K [0x0000000700000000, 0x0000000800000000)
  region size 2048K, 9 young (18432K), 9 survivors (18432K)
 Metaspace       used 120880K, committed 124224K, reserved 557056K
  class space    used 16967K, committed 18496K, reserved 425984K
}
Event: 52.206 GC heap before
{Heap before GC invocations=57 (full 0):
 garbage-first heap   total 665600K, used 478626K [0x0000000700000000, 0x0000000800000000)
  region size 2048K, 58 young (118784K), 9 survivors (18432K)
 Metaspace       used 121381K, committed 124672K, reserved 557056K
  class space    used 16983K, committed 18496K, reserved 425984K
}
Event: 52.234 GC heap after
{Heap after GC invocations=58 (full 0):
 garbage-first heap   total 665600K, used 393190K [0x0000000700000000, 0x0000000800000000)
  region size 2048K, 6 young (12288K), 6 survivors (12288K)
 Metaspace       used 121381K, committed 124672K, reserved 557056K
  class space    used 16983K, committed 18496K, reserved 425984K
}
Event: 54.836 GC heap before
{Heap before GC invocations=58 (full 0):
 garbage-first heap   total 665600K, used 561126K [0x0000000700000000, 0x0000000800000000)
  region size 2048K, 88 young (180224K), 6 survivors (12288K)
 Metaspace       used 121562K, committed 124864K, reserved 557056K
  class space    used 16986K, committed 18496K, reserved 425984K
}
Event: 54.861 GC heap after
{Heap after GC invocations=59 (full 0):
 garbage-first heap   total 665600K, used 403730K [0x0000000700000000, 0x0000000800000000)
  region size 2048K, 11 young (22528K), 11 survivors (22528K)
 Metaspace       used 121562K, committed 124864K, reserved 557056K
  class space    used 16986K, committed 18496K, reserved 425984K
}

