# JRE version: Java(TM) SE Runtime Environment (21.0.1+12) (build 21.0.1+12-LTS-29)
# Java VM: Java HotSpot(TM) 64-Bit Server VM (21.0.1+12-LTS-29, mixed mode, sharing, tiered, compressed oops, compressed class ptrs, g1 gc, windows-amd64)
GC Precious Log:
 CardTable entry size: 512
 Card Set container configuration: InlinePtr #cards 5 size 8 Array Of Cards #cards 12 size 40 Howl #buckets 4 coarsen threshold 1843 Howl Bitmap #cards 512 size 80 coarsen threshold 460 Card regions per heap region 1 cards per card region 2048
 CPUs: 12 total, 12 available
 Memory: 14188M
 Large Page Support: Disabled
 NUMA Support: Disabled
 Compressed Oops: Enabled (32-bit)
 Heap Region Size: 1M
 Heap Min Capacity: 8M
 Heap Initial Capacity: 222M
 Heap Max Capacity: 2G
 Pre-touch: Disabled
 Parallel Workers: 10
 Concurrent Workers: 3
 Concurrent Refinement Workers: 10
 Periodic GC: Disabled
Heap:
 garbage-first heap   total 302080K, used 190873K [0x0000000080000000, 0x0000000100000000)
  region size 1024K, 10 young (10240K), 5 survivors (5120K)
 Metaspace       used 111983K, committed 114752K, reserved 557056K
  class space    used 15757K, committed 17088K, reserved 425984K
GC Heap History (20 events):
Event: 67.466 GC heap before
{Heap before GC invocations=34 (full 0):
 garbage-first heap   total 194560K, used 179882K [0x0000000080000000, 0x0000000100000000)
  region size 1024K, 70 young (71680K), 3 survivors (3072K)
 Metaspace       used 101667K, committed 104000K, reserved 557056K
  class space    used 14410K, committed 15616K, reserved 425984K
}
Event: 67.474 GC heap after
{Heap after GC invocations=35 (full 0):
 garbage-first heap   total 194560K, used 115125K [0x0000000080000000, 0x0000000100000000)
  region size 1024K, 9 young (9216K), 9 survivors (9216K)
 Metaspace       used 101667K, committed 104000K, reserved 557056K
  class space    used 14410K, committed 15616K, reserved 425984K
}
Event: 68.655 GC heap before
{Heap before GC invocations=35 (full 0):
 garbage-first heap   total 194560K, used 161205K [0x0000000080000000, 0x0000000100000000)
  region size 1024K, 56 young (57344K), 9 survivors (9216K)
 Metaspace       used 102498K, committed 104832K, reserved 557056K
  class space    used 14461K, committed 15616K, reserved 425984K
}
Event: 68.662 GC heap after
{Heap after GC invocations=36 (full 0):
 garbage-first heap   total 194560K, used 121372K [0x0000000080000000, 0x0000000100000000)
  region size 1024K, 7 young (7168K), 7 survivors (7168K)
 Metaspace       used 102498K, committed 104832K, reserved 557056K
  class space    used 14461K, committed 15616K, reserved 425984K
}
Event: 70.237 GC heap before
{Heap before GC invocations=37 (full 0):
 garbage-first heap   total 209920K, used 178716K [0x0000000080000000, 0x0000000100000000)
  region size 1024K, 60 young (61440K), 7 survivors (7168K)
 Metaspace       used 103976K, committed 106368K, reserved 557056K
  class space    used 14716K, committed 15936K, reserved 425984K
}
Event: 70.248 GC heap after
{Heap after GC invocations=38 (full 0):
 garbage-first heap   total 209920K, used 133370K [0x0000000080000000, 0x0000000100000000)
  region size 1024K, 8 young (8192K), 8 survivors (8192K)
 Metaspace       used 103976K, committed 106368K, reserved 557056K
  class space    used 14716K, committed 15936K, reserved 425984K
}
Event: 74.461 GC heap before
{Heap before GC invocations=38 (full 0):
 garbage-first heap   total 209920K, used 186618K [0x0000000080000000, 0x0000000100000000)
  region size 1024K, 60 young (61440K), 8 survivors (8192K)
 Metaspace       used 106506K, committed 108992K, reserved 557056K
  class space    used 15009K, committed 16256K, reserved 425984K
}
Event: 74.474 GC heap after
{Heap after GC invocations=39 (full 0):
 garbage-first heap   total 209920K, used 143479K [0x0000000080000000, 0x0000000100000000)
  region size 1024K, 8 young (8192K), 8 survivors (8192K)
 Metaspace       used 106506K, committed 108992K, reserved 557056K
  class space    used 15009K, committed 16256K, reserved 425984K
}
Event: 75.511 GC heap before
{Heap before GC invocations=39 (full 0):
 garbage-first heap   total 209920K, used 160887K [0x0000000080000000, 0x0000000100000000)
  region size 1024K, 27 young (27648K), 8 survivors (8192K)
 Metaspace       used 106573K, committed 109056K, reserved 557056K
  class space    used 15012K, committed 16256K, reserved 425984K
}
Event: 75.521 GC heap after
{Heap after GC invocations=40 (full 0):
 garbage-first heap   total 209920K, used 148563K [0x0000000080000000, 0x0000000100000000)
  region size 1024K, 4 young (4096K), 4 survivors (4096K)
 Metaspace       used 106573K, committed 109056K, reserved 557056K
  class space    used 15012K, committed 16256K, reserved 425984K
}
Event: 78.559 GC heap before
{Heap before GC invocations=41 (full 0):
 garbage-first heap   total 256000K, used 191571K [0x0000000080000000, 0x0000000100000000)
  region size 1024K, 46 young (47104K), 4 survivors (4096K)
 Metaspace       used 107131K, committed 109760K, reserved 557056K
  class space    used 15077K, committed 16384K, reserved 425984K
}
Event: 78.567 GC heap after
{Heap after GC invocations=42 (full 0):
 garbage-first heap   total 256000K, used 158521K [0x0000000080000000, 0x0000000100000000)
  region size 1024K, 6 young (6144K), 6 survivors (6144K)
 Metaspace       used 107131K, committed 109760K, reserved 557056K
  class space    used 15077K, committed 16384K, reserved 425984K
}
Event: 82.057 GC heap before
{Heap before GC invocations=42 (full 0):
 garbage-first heap   total 256000K, used 217913K [0x0000000080000000, 0x0000000100000000)
  region size 1024K, 62 young (63488K), 6 survivors (6144K)
 Metaspace       used 107606K, committed 110336K, reserved 557056K
  class space    used 15130K, committed 16448K, reserved 425984K
}
Event: 82.066 GC heap after
{Heap after GC invocations=43 (full 0):
 garbage-first heap   total 256000K, used 170493K [0x0000000080000000, 0x0000000100000000)
  region size 1024K, 8 young (8192K), 8 survivors (8192K)
 Metaspace       used 107606K, committed 110336K, reserved 557056K
  class space    used 15130K, committed 16448K, reserved 425984K
}
Event: 82.070 GC heap before
{Heap before GC invocations=43 (full 0):
 garbage-first heap   total 256000K, used 170493K [0x0000000080000000, 0x0000000100000000)
  region size 1024K, 9 young (9216K), 8 survivors (8192K)
 Metaspace       used 107606K, committed 110336K, reserved 557056K
  class space    used 15130K, committed 16448K, reserved 425984K
}
Event: 82.074 GC heap after
{Heap after GC invocations=44 (full 0):
 garbage-first heap   total 256000K, used 172098K [0x0000000080000000, 0x0000000100000000)
  region size 1024K, 1 young (1024K), 1 survivors (1024K)
 Metaspace       used 107606K, committed 110336K, reserved 557056K
  class space    used 15130K, committed 16448K, reserved 425984K
}
Event: 82.854 GC heap before
{Heap before GC invocations=45 (full 0):
 garbage-first heap   total 302080K, used 217154K [0x0000000080000000, 0x0000000100000000)
  region size 1024K, 44 young (45056K), 1 survivors (1024K)
 Metaspace       used 108348K, committed 111104K, reserved 557056K
  class space    used 15253K, committed 16576K, reserved 425984K
}
Event: 82.861 GC heap after
{Heap after GC invocations=46 (full 0):
 garbage-first heap   total 302080K, used 184315K [0x0000000080000000, 0x0000000100000000)
  region size 1024K, 6 young (6144K), 6 survivors (6144K)
 Metaspace       used 108348K, committed 111104K, reserved 557056K
  class space    used 15253K, committed 16576K, reserved 425984K
}
Event: 83.701 GC heap before
{Heap before GC invocations=46 (full 0):
 garbage-first heap   total 302080K, used 244731K [0x0000000080000000, 0x0000000100000000)
  region size 1024K, 65 young (66560K), 6 survivors (6144K)
 Metaspace       used 111743K, committed 114560K, reserved 557056K
  class space    used 15722K, committed 17088K, reserved 425984K
}
Event: 83.710 GC heap after
{Heap after GC invocations=47 (full 0):
 garbage-first heap   total 302080K, used 186777K [0x0000000080000000, 0x0000000100000000)
  region size 1024K, 5 young (5120K), 5 survivors (5120K)
 Metaspace       used 111743K, committed 114560K, reserved 557056K
  class space    used 15722K, committed 17088K, reserved 425984K
}

