# JRE version: Java(TM) SE Runtime Environment (21.0.1+12) (build 21.0.1+12-LTS-29)
# Java VM: Java HotSpot(TM) 64-Bit Server VM (21.0.1+12-LTS-29, mixed mode, sharing, tiered, compressed oops, compressed class ptrs, g1 gc, windows-amd64)
GC Precious Log:
 CardTable entry size: 512
 Card Set container configuration: InlinePtr #cards 5 size 8 Array Of Cards #cards 12 size 40 Howl #buckets 4 coarsen threshold 1843 Howl Bitmap #cards 512 size 80 coarsen threshold 460 Card regions per heap region 1 cards per card region 2048
 CPUs: 12 total, 12 available
 Memory: 14188M
 Large Page Support: Disabled
 NUMA Support: Disabled
 Compressed Oops: Enabled (32-bit)
 Heap Region Size: 1M
 Heap Min Capacity: 8M
 Heap Initial Capacity: 222M
 Heap Max Capacity: 2G
 Pre-touch: Disabled
 Parallel Workers: 10
 Concurrent Workers: 3
 Concurrent Refinement Workers: 10
 Periodic GC: Disabled
Heap:
 garbage-first heap   total 138240K, used 100019K [0x0000000080000000, 0x0000000100000000)
  region size 1024K, 35 young (35840K), 8 survivors (8192K)
 Metaspace       used 73826K, committed 75840K, reserved 491520K
  class space    used 10440K, committed 11456K, reserved 425984K
GC Heap History (20 events):
Event: 9.663 GC heap before
{Heap before GC invocations=6 (full 0):
 garbage-first heap   total 107520K, used 34656K [0x0000000080000000, 0x0000000100000000)
  region size 1024K, 9 young (9216K), 8 survivors (8192K)
 Metaspace       used 35201K, committed 36416K, reserved 491520K
  class space    used 4956K, committed 5568K, reserved 425984K
}
Event: 9.669 GC heap after
{Heap after GC invocations=7 (full 0):
 garbage-first heap   total 107520K, used 34733K [0x0000000080000000, 0x0000000100000000)
  region size 1024K, 4 young (4096K), 4 survivors (4096K)
 Metaspace       used 35201K, committed 36416K, reserved 491520K
  class space    used 4956K, committed 5568K, reserved 425984K
}
Event: 23.327 GC heap before
{Heap before GC invocations=8 (full 0):
 garbage-first heap   total 107520K, used 95149K [0x0000000080000000, 0x0000000100000000)
  region size 1024K, 62 young (63488K), 4 survivors (4096K)
 Metaspace       used 40355K, committed 41664K, reserved 491520K
  class space    used 5628K, committed 6272K, reserved 425984K
}
Event: 23.332 GC heap after
{Heap after GC invocations=9 (full 0):
 garbage-first heap   total 107520K, used 37879K [0x0000000080000000, 0x0000000100000000)
  region size 1024K, 8 young (8192K), 8 survivors (8192K)
 Metaspace       used 40355K, committed 41664K, reserved 491520K
  class space    used 5628K, committed 6272K, reserved 425984K
}
Event: 24.033 GC heap before
{Heap before GC invocations=9 (full 0):
 garbage-first heap   total 107520K, used 93175K [0x0000000080000000, 0x0000000100000000)
  region size 1024K, 62 young (63488K), 8 survivors (8192K)
 Metaspace       used 46262K, committed 47872K, reserved 491520K
  class space    used 6589K, committed 7360K, reserved 425984K
}
Event: 24.039 GC heap after
{Heap after GC invocations=10 (full 0):
 garbage-first heap   total 107520K, used 41879K [0x0000000080000000, 0x0000000100000000)
  region size 1024K, 5 young (5120K), 5 survivors (5120K)
 Metaspace       used 46262K, committed 47872K, reserved 491520K
  class space    used 6589K, committed 7360K, reserved 425984K
}
Event: 24.999 GC heap before
{Heap before GC invocations=10 (full 0):
 garbage-first heap   total 107520K, used 98199K [0x0000000080000000, 0x0000000100000000)
  region size 1024K, 56 young (57344K), 5 survivors (5120K)
 Metaspace       used 52235K, committed 54080K, reserved 491520K
  class space    used 7469K, committed 8384K, reserved 425984K
}
Event: 25.004 GC heap after
{Heap after GC invocations=11 (full 0):
 garbage-first heap   total 108544K, used 50691K [0x0000000080000000, 0x0000000100000000)
  region size 1024K, 7 young (7168K), 7 survivors (7168K)
 Metaspace       used 52235K, committed 54080K, reserved 491520K
  class space    used 7469K, committed 8384K, reserved 425984K
}
Event: 25.237 GC heap before
{Heap before GC invocations=11 (full 0):
 garbage-first heap   total 108544K, used 70147K [0x0000000080000000, 0x0000000100000000)
  region size 1024K, 23 young (23552K), 7 survivors (7168K)
 Metaspace       used 53881K, committed 55680K, reserved 491520K
  class space    used 7695K, committed 8576K, reserved 425984K
}
Event: 25.242 GC heap after
{Heap after GC invocations=12 (full 0):
 garbage-first heap   total 108544K, used 57458K [0x0000000080000000, 0x0000000100000000)
  region size 1024K, 3 young (3072K), 3 survivors (3072K)
 Metaspace       used 53881K, committed 55680K, reserved 491520K
  class space    used 7695K, committed 8576K, reserved 425984K
}
Event: 25.766 GC heap before
{Heap before GC invocations=13 (full 0):
 garbage-first heap   total 108544K, used 101490K [0x0000000080000000, 0x0000000100000000)
  region size 1024K, 42 young (43008K), 3 survivors (3072K)
 Metaspace       used 58121K, committed 59904K, reserved 491520K
  class space    used 8278K, committed 9152K, reserved 425984K
}
Event: 25.769 GC heap after
{Heap after GC invocations=14 (full 0):
 garbage-first heap   total 108544K, used 63228K [0x0000000080000000, 0x0000000100000000)
  region size 1024K, 4 young (4096K), 4 survivors (4096K)
 Metaspace       used 58121K, committed 59904K, reserved 491520K
  class space    used 8278K, committed 9152K, reserved 425984K
}
Event: 26.163 GC heap before
{Heap before GC invocations=14 (full 0):
 garbage-first heap   total 108544K, used 98044K [0x0000000080000000, 0x0000000100000000)
  region size 1024K, 38 young (38912K), 4 survivors (4096K)
 Metaspace       used 61612K, committed 63552K, reserved 491520K
  class space    used 8843K, committed 9792K, reserved 425984K
}
Event: 26.168 GC heap after
{Heap after GC invocations=15 (full 0):
 garbage-first heap   total 108544K, used 64298K [0x0000000080000000, 0x0000000100000000)
  region size 1024K, 5 young (5120K), 5 survivors (5120K)
 Metaspace       used 61612K, committed 63552K, reserved 491520K
  class space    used 8843K, committed 9792K, reserved 425984K
}
Event: 26.484 GC heap before
{Heap before GC invocations=15 (full 0):
 garbage-first heap   total 108544K, used 96042K [0x0000000080000000, 0x0000000100000000)
  region size 1024K, 36 young (36864K), 5 survivors (5120K)
 Metaspace       used 63917K, committed 65792K, reserved 491520K
  class space    used 9180K, committed 10112K, reserved 425984K
}
Event: 26.489 GC heap after
{Heap after GC invocations=16 (full 0):
 garbage-first heap   total 108544K, used 65672K [0x0000000080000000, 0x0000000100000000)
  region size 1024K, 4 young (4096K), 4 survivors (4096K)
 Metaspace       used 63917K, committed 65792K, reserved 491520K
  class space    used 9180K, committed 10112K, reserved 425984K
}
Event: 26.831 GC heap before
{Heap before GC invocations=17 (full 0):
 garbage-first heap   total 114688K, used 96392K [0x0000000080000000, 0x0000000100000000)
  region size 1024K, 34 young (34816K), 4 survivors (4096K)
 Metaspace       used 65474K, committed 67392K, reserved 491520K
  class space    used 9389K, committed 10304K, reserved 425984K
}
Event: 26.837 GC heap after
{Heap after GC invocations=18 (full 0):
 garbage-first heap   total 138240K, used 69445K [0x0000000080000000, 0x0000000100000000)
  region size 1024K, 5 young (5120K), 5 survivors (5120K)
 Metaspace       used 65474K, committed 67392K, reserved 491520K
  class space    used 9389K, committed 10304K, reserved 425984K
}
Event: 27.635 GC heap before
{Heap before GC invocations=18 (full 0):
 garbage-first heap   total 138240K, used 122693K [0x0000000080000000, 0x0000000100000000)
  region size 1024K, 57 young (58368K), 5 survivors (5120K)
 Metaspace       used 68395K, committed 70400K, reserved 491520K
  class space    used 9791K, committed 10752K, reserved 425984K
}
Event: 27.641 GC heap after
{Heap after GC invocations=19 (full 0):
 garbage-first heap   total 138240K, used 73395K [0x0000000080000000, 0x0000000100000000)
  region size 1024K, 8 young (8192K), 8 survivors (8192K)
 Metaspace       used 68395K, committed 70400K, reserved 491520K
  class space    used 9791K, committed 10752K, reserved 425984K
}

