# JRE version: Java(TM) SE Runtime Environment (21.0.1+12) (build 21.0.1+12-LTS-29)
# Java VM: Java HotSpot(TM) 64-Bit Server VM (21.0.1+12-LTS-29, mixed mode, sharing, tiered, compressed oops, compressed class ptrs, g1 gc, windows-amd64)
GC Precious Log:
 CardTable entry size: 512
 Card Set container configuration: InlinePtr #cards 5 size 8 Array Of Cards #cards 12 size 40 Howl #buckets 4 coarsen threshold 1843 Howl Bitmap #cards 512 size 80 coarsen threshold 460 Card regions per heap region 1 cards per card region 2048
 CPUs: 12 total, 12 available
 Memory: 14188M
 Large Page Support: Disabled
 NUMA Support: Disabled
 Compressed Oops: Enabled (32-bit)
 Heap Region Size: 1M
 Heap Min Capacity: 8M
 Heap Initial Capacity: 222M
 Heap Max Capacity: 2G
 Pre-touch: Disabled
 Parallel Workers: 10
 Concurrent Workers: 3
 Concurrent Refinement Workers: 10
 Periodic GC: Disabled
Heap:
 garbage-first heap   total 327680K, used 212101K [0x0000000080000000, 0x0000000100000000)
  region size 1024K, 30 young (30720K), 4 survivors (4096K)
 Metaspace       used 103766K, committed 106560K, reserved 557056K
  class space    used 14727K, committed 16064K, reserved 425984K
GC Heap History (20 events):
Event: 25.288 GC heap before
{Heap before GC invocations=27 (full 0):
 garbage-first heap   total 194560K, used 169134K [0x0000000080000000, 0x0000000100000000)
  region size 1024K, 68 young (69632K), 3 survivors (3072K)
 Metaspace       used 87215K, committed 89344K, reserved 557056K
  class space    used 12357K, committed 13440K, reserved 425984K
}
Event: 25.294 GC heap after
{Heap after GC invocations=28 (full 0):
 garbage-first heap   total 194560K, used 107988K [0x0000000080000000, 0x0000000100000000)
  region size 1024K, 8 young (8192K), 8 survivors (8192K)
 Metaspace       used 87215K, committed 89344K, reserved 557056K
  class space    used 12357K, committed 13440K, reserved 425984K
}
Event: 26.058 GC heap before
{Heap before GC invocations=29 (full 0):
 garbage-first heap   total 194560K, used 173524K [0x0000000080000000, 0x0000000100000000)
  region size 1024K, 71 young (72704K), 8 survivors (8192K)
 Metaspace       used 91652K, committed 93888K, reserved 557056K
  class space    used 13141K, committed 14272K, reserved 425984K
}
Event: 26.063 GC heap after
{Heap after GC invocations=30 (full 0):
 garbage-first heap   total 194560K, used 110416K [0x0000000080000000, 0x0000000100000000)
  region size 1024K, 3 young (3072K), 3 survivors (3072K)
 Metaspace       used 91652K, committed 93888K, reserved 557056K
  class space    used 13141K, committed 14272K, reserved 425984K
}
Event: 26.598 GC heap before
{Heap before GC invocations=30 (full 0):
 garbage-first heap   total 194560K, used 174928K [0x0000000080000000, 0x0000000100000000)
  region size 1024K, 66 young (67584K), 3 survivors (3072K)
 Metaspace       used 95232K, committed 97536K, reserved 557056K
  class space    used 13654K, committed 14784K, reserved 425984K
}
Event: 26.604 GC heap after
{Heap after GC invocations=31 (full 0):
 garbage-first heap   total 194560K, used 114212K [0x0000000080000000, 0x0000000100000000)
  region size 1024K, 7 young (7168K), 7 survivors (7168K)
 Metaspace       used 95232K, committed 97536K, reserved 557056K
  class space    used 13654K, committed 14784K, reserved 425984K
}
Event: 27.159 GC heap before
{Heap before GC invocations=31 (full 0):
 garbage-first heap   total 194560K, used 166436K [0x0000000080000000, 0x0000000100000000)
  region size 1024K, 60 young (61440K), 7 survivors (7168K)
 Metaspace       used 96739K, committed 99072K, reserved 557056K
  class space    used 13798K, committed 14976K, reserved 425984K
}
Event: 27.167 GC heap after
{Heap after GC invocations=32 (full 0):
 garbage-first heap   total 194560K, used 120426K [0x0000000080000000, 0x0000000100000000)
  region size 1024K, 9 young (9216K), 9 survivors (9216K)
 Metaspace       used 96739K, committed 99072K, reserved 557056K
  class space    used 13798K, committed 14976K, reserved 425984K
}
Event: 27.737 GC heap before
{Heap before GC invocations=33 (full 0):
 garbage-first heap   total 214016K, used 176746K [0x0000000080000000, 0x0000000100000000)
  region size 1024K, 61 young (62464K), 9 survivors (9216K)
 Metaspace       used 98230K, committed 100672K, reserved 557056K
  class space    used 14060K, committed 15296K, reserved 425984K
}
Event: 27.747 GC heap after
{Heap after GC invocations=34 (full 0):
 garbage-first heap   total 214016K, used 137072K [0x0000000080000000, 0x0000000100000000)
  region size 1024K, 8 young (8192K), 8 survivors (8192K)
 Metaspace       used 98230K, committed 100672K, reserved 557056K
  class space    used 14060K, committed 15296K, reserved 425984K
}
Event: 28.430 GC heap before
{Heap before GC invocations=34 (full 0):
 garbage-first heap   total 214016K, used 190320K [0x0000000080000000, 0x0000000100000000)
  region size 1024K, 60 young (61440K), 8 survivors (8192K)
 Metaspace       used 100786K, committed 103296K, reserved 557056K
  class space    used 14347K, committed 15552K, reserved 425984K
}
Event: 28.442 GC heap after
{Heap after GC invocations=35 (full 0):
 garbage-first heap   total 214016K, used 147258K [0x0000000080000000, 0x0000000100000000)
  region size 1024K, 8 young (8192K), 8 survivors (8192K)
 Metaspace       used 100786K, committed 103296K, reserved 557056K
  class space    used 14347K, committed 15552K, reserved 425984K
}
Event: 28.510 GC heap before
{Heap before GC invocations=35 (full 0):
 garbage-first heap   total 214016K, used 154426K [0x0000000080000000, 0x0000000100000000)
  region size 1024K, 17 young (17408K), 8 survivors (8192K)
 Metaspace       used 100836K, committed 103360K, reserved 557056K
  class space    used 14350K, committed 15552K, reserved 425984K
}
Event: 28.515 GC heap after
{Heap after GC invocations=36 (full 0):
 garbage-first heap   total 214016K, used 150238K [0x0000000080000000, 0x0000000100000000)
  region size 1024K, 2 young (2048K), 2 survivors (2048K)
 Metaspace       used 100836K, committed 103360K, reserved 557056K
  class space    used 14350K, committed 15552K, reserved 425984K
}
Event: 29.045 GC heap before
{Heap before GC invocations=37 (full 0):
 garbage-first heap   total 261120K, used 196318K [0x0000000080000000, 0x0000000100000000)
  region size 1024K, 47 young (48128K), 2 survivors (2048K)
 Metaspace       used 101430K, committed 103936K, reserved 557056K
  class space    used 14412K, committed 15616K, reserved 425984K
}
Event: 29.053 GC heap after
{Heap after GC invocations=38 (full 0):
 garbage-first heap   total 261120K, used 162495K [0x0000000080000000, 0x0000000100000000)
  region size 1024K, 6 young (6144K), 6 survivors (6144K)
 Metaspace       used 101430K, committed 103936K, reserved 557056K
  class space    used 14412K, committed 15616K, reserved 425984K
}
Event: 29.597 GC heap before
{Heap before GC invocations=38 (full 0):
 garbage-first heap   total 261120K, used 223935K [0x0000000080000000, 0x0000000100000000)
  region size 1024K, 63 young (64512K), 6 survivors (6144K)
 Metaspace       used 102058K, committed 104640K, reserved 557056K
  class space    used 14488K, committed 15744K, reserved 425984K
}
Event: 29.606 GC heap after
{Heap after GC invocations=39 (full 0):
 garbage-first heap   total 261120K, used 179756K [0x0000000080000000, 0x0000000100000000)
  region size 1024K, 8 young (8192K), 8 survivors (8192K)
 Metaspace       used 102058K, committed 104640K, reserved 557056K
  class space    used 14488K, committed 15744K, reserved 425984K
}
Event: 29.735 GC heap before
{Heap before GC invocations=39 (full 0):
 garbage-first heap   total 261120K, used 195116K [0x0000000080000000, 0x0000000100000000)
  region size 1024K, 25 young (25600K), 8 survivors (8192K)
 Metaspace       used 102467K, committed 105152K, reserved 557056K
  class space    used 14566K, committed 15808K, reserved 425984K
}
Event: 29.739 GC heap after
{Heap after GC invocations=40 (full 0):
 garbage-first heap   total 261120K, used 185477K [0x0000000080000000, 0x0000000100000000)
  region size 1024K, 4 young (4096K), 4 survivors (4096K)
 Metaspace       used 102467K, committed 105152K, reserved 557056K
  class space    used 14566K, committed 15808K, reserved 425984K
}

