# JRE version: Java(TM) SE Runtime Environment (21.0.1+12) (build 21.0.1+12-LTS-29)
# Java VM: Java HotSpot(TM) 64-Bit Server VM (21.0.1+12-LTS-29, mixed mode, sharing, tiered, compressed oops, compressed class ptrs, g1 gc, windows-amd64)
GC Precious Log:
 CardTable entry size: 512
 Card Set container configuration: InlinePtr #cards 5 size 8 Array Of Cards #cards 12 size 40 Howl #buckets 4 coarsen threshold 1843 Howl Bitmap #cards 512 size 80 coarsen threshold 460 Card regions per heap region 1 cards per card region 2048
 CPUs: 12 total, 12 available
 Memory: 14188M
 Large Page Support: Disabled
 NUMA Support: Disabled
 Compressed Oops: Enabled (32-bit)
 Heap Region Size: 1M
 Heap Min Capacity: 8M
 Heap Initial Capacity: 222M
 Heap Max Capacity: 2G
 Pre-touch: Disabled
 Parallel Workers: 10
 Concurrent Workers: 3
 Concurrent Refinement Workers: 10
 Periodic GC: Disabled
Heap:
 garbage-first heap   total 265216K, used 178176K [0x0000000080000000, 0x0000000100000000)
  region size 1024K, 9 young (9216K), 9 survivors (9216K)
 Metaspace       used 102123K, committed 104832K, reserved 557056K
  class space    used 14503K, committed 15808K, reserved 425984K
GC Heap History (20 events):
Event: 17.721 GC heap after
{Heap after GC invocations=30 (full 0):
 garbage-first heap   total 178176K, used 103085K [0x0000000080000000, 0x0000000100000000)
  region size 1024K, 6 young (6144K), 6 survivors (6144K)
 Metaspace       used 86363K, committed 88640K, reserved 557056K
  class space    used 12251K, committed 13376K, reserved 425984K
}
Event: 24.778 GC heap before
{Heap before GC invocations=30 (full 0):
 garbage-first heap   total 178176K, used 160429K [0x0000000080000000, 0x0000000100000000)
  region size 1024K, 62 young (63488K), 6 survivors (6144K)
 Metaspace       used 88435K, committed 90752K, reserved 557056K
  class space    used 12545K, committed 13696K, reserved 425984K
}
Event: 24.784 GC heap after
{Heap after GC invocations=31 (full 0):
 garbage-first heap   total 178176K, used 106728K [0x0000000080000000, 0x0000000100000000)
  region size 1024K, 8 young (8192K), 8 survivors (8192K)
 Metaspace       used 88435K, committed 90752K, reserved 557056K
  class space    used 12545K, committed 13696K, reserved 425984K
}
Event: 24.867 GC heap before
{Heap before GC invocations=31 (full 0):
 garbage-first heap   total 178176K, used 113896K [0x0000000080000000, 0x0000000100000000)
  region size 1024K, 16 young (16384K), 8 survivors (8192K)
 Metaspace       used 88988K, committed 91264K, reserved 557056K
  class space    used 12623K, committed 13760K, reserved 425984K
}
Event: 24.873 GC heap after
{Heap after GC invocations=32 (full 0):
 garbage-first heap   total 178176K, used 107893K [0x0000000080000000, 0x0000000100000000)
  region size 1024K, 2 young (2048K), 2 survivors (2048K)
 Metaspace       used 88988K, committed 91264K, reserved 557056K
  class space    used 12623K, committed 13760K, reserved 425984K
}
Event: 25.518 GC heap before
{Heap before GC invocations=33 (full 0):
 garbage-first heap   total 189440K, used 166261K [0x0000000080000000, 0x0000000100000000)
  region size 1024K, 58 young (59392K), 2 survivors (2048K)
 Metaspace       used 93013K, committed 95232K, reserved 557056K
  class space    used 13331K, committed 14464K, reserved 425984K
}
Event: 25.521 GC heap after
{Heap after GC invocations=34 (full 0):
 garbage-first heap   total 189440K, used 108866K [0x0000000080000000, 0x0000000100000000)
  region size 1024K, 3 young (3072K), 3 survivors (3072K)
 Metaspace       used 93013K, committed 95232K, reserved 557056K
  class space    used 13331K, committed 14464K, reserved 425984K
}
Event: 26.035 GC heap before
{Heap before GC invocations=34 (full 0):
 garbage-first heap   total 189440K, used 175426K [0x0000000080000000, 0x0000000100000000)
  region size 1024K, 68 young (69632K), 3 survivors (3072K)
 Metaspace       used 96070K, committed 98432K, reserved 557056K
  class space    used 13753K, committed 14912K, reserved 425984K
}
Event: 26.044 GC heap after
{Heap after GC invocations=35 (full 0):
 garbage-first heap   total 189440K, used 114042K [0x0000000080000000, 0x0000000100000000)
  region size 1024K, 9 young (9216K), 9 survivors (9216K)
 Metaspace       used 96070K, committed 98432K, reserved 557056K
  class space    used 13753K, committed 14912K, reserved 425984K
}
Event: 26.432 GC heap before
{Heap before GC invocations=35 (full 0):
 garbage-first heap   total 189440K, used 145786K [0x0000000080000000, 0x0000000100000000)
  region size 1024K, 41 young (41984K), 9 survivors (9216K)
 Metaspace       used 96796K, committed 99200K, reserved 557056K
  class space    used 13808K, committed 14976K, reserved 425984K
}
Event: 26.440 GC heap after
{Heap after GC invocations=36 (full 0):
 garbage-first heap   total 189440K, used 118847K [0x0000000080000000, 0x0000000100000000)
  region size 1024K, 5 young (5120K), 5 survivors (5120K)
 Metaspace       used 96796K, committed 99200K, reserved 557056K
  class space    used 13808K, committed 14976K, reserved 425984K
}
Event: 26.986 GC heap before
{Heap before GC invocations=37 (full 0):
 garbage-first heap   total 211968K, used 175167K [0x0000000080000000, 0x0000000100000000)
  region size 1024K, 57 young (58368K), 5 survivors (5120K)
 Metaspace       used 98268K, committed 100736K, reserved 557056K
  class space    used 14071K, committed 15296K, reserved 425984K
}
Event: 26.994 GC heap after
{Heap after GC invocations=38 (full 0):
 garbage-first heap   total 211968K, used 134872K [0x0000000080000000, 0x0000000100000000)
  region size 1024K, 8 young (8192K), 8 survivors (8192K)
 Metaspace       used 98268K, committed 100736K, reserved 557056K
  class space    used 14071K, committed 15296K, reserved 425984K
}
Event: 27.732 GC heap before
{Heap before GC invocations=38 (full 0):
 garbage-first heap   total 211968K, used 187096K [0x0000000080000000, 0x0000000100000000)
  region size 1024K, 60 young (61440K), 8 survivors (8192K)
 Metaspace       used 100825K, committed 103424K, reserved 557056K
  class space    used 14362K, committed 15616K, reserved 425984K
}
Event: 27.746 GC heap after
{Heap after GC invocations=39 (full 0):
 garbage-first heap   total 211968K, used 145554K [0x0000000080000000, 0x0000000100000000)
  region size 1024K, 8 young (8192K), 8 survivors (8192K)
 Metaspace       used 100825K, committed 103424K, reserved 557056K
  class space    used 14362K, committed 15616K, reserved 425984K
}
Event: 27.825 GC heap before
{Heap before GC invocations=39 (full 0):
 garbage-first heap   total 211968K, used 153746K [0x0000000080000000, 0x0000000100000000)
  region size 1024K, 17 young (17408K), 8 survivors (8192K)
 Metaspace       used 100877K, committed 103424K, reserved 557056K
  class space    used 14365K, committed 15616K, reserved 425984K
}
Event: 27.830 GC heap after
{Heap after GC invocations=40 (full 0):
 garbage-first heap   total 211968K, used 148882K [0x0000000080000000, 0x0000000100000000)
  region size 1024K, 3 young (3072K), 3 survivors (3072K)
 Metaspace       used 100877K, committed 103424K, reserved 557056K
  class space    used 14365K, committed 15616K, reserved 425984K
}
Event: 28.317 GC heap before
{Heap before GC invocations=41 (full 0):
 garbage-first heap   total 265216K, used 192914K [0x0000000080000000, 0x0000000100000000)
  region size 1024K, 46 young (47104K), 3 survivors (3072K)
 Metaspace       used 101467K, committed 104128K, reserved 557056K
  class space    used 14428K, committed 15744K, reserved 425984K
}
Event: 28.325 GC heap after
{Heap after GC invocations=42 (full 0):
 garbage-first heap   total 265216K, used 160760K [0x0000000080000000, 0x0000000100000000)
  region size 1024K, 6 young (6144K), 6 survivors (6144K)
 Metaspace       used 101467K, committed 104128K, reserved 557056K
  class space    used 14428K, committed 15744K, reserved 425984K
}
Event: 28.884 GC heap before
{Heap before GC invocations=42 (full 0):
 garbage-first heap   total 265216K, used 224248K [0x0000000080000000, 0x0000000100000000)
  region size 1024K, 65 young (66560K), 6 survivors (6144K)
 Metaspace       used 102123K, committed 104832K, reserved 557056K
  class space    used 14503K, committed 15808K, reserved 425984K
}

